<?xml version="1.0" encoding="UTF-8"?>
<!-- Generated by org.testng.reporters.JUnitReportReporter -->
<testsuite skipped="0" hostname="RustamWin10" name="pack_intro.ScrollIntoView" tests="1" failures="0" timestamp="16 Apr 2018 21:49:06 GMT" time="6.573" errors="0">
  <testcase name="scrolling" time="6.573" classname="pack_intro.ScrollIntoView"/>
</testsuite> <!-- pack_intro.ScrollIntoView -->
