<?xml version="1.0" encoding="UTF-8"?>
<!-- Generated by org.testng.reporters.JUnitReportReporter -->
<testsuite skipped="0" hostname="RustamWin10" name="scroll.ScrollPage" tests="1" failures="0" timestamp="16 Apr 2018 22:37:42 GMT" time="10.673" errors="0">
  <testcase name="scrollPageDown" time="10.673" classname="scroll.ScrollPage"/>
</testsuite> <!-- scroll.ScrollPage -->
