<?xml version="1.0" encoding="UTF-8"?>
<!-- Generated by org.testng.reporters.JUnitReportReporter -->
<testsuite skipped="0" hostname="RustamWin10" name="windows_tabs.HandleWindows" tests="1" failures="0" timestamp="16 Apr 2018 23:25:00 GMT" time="12.123" errors="0">
  <testcase name="handleWindow" time="12.123" classname="windows_tabs.HandleWindows"/>
</testsuite> <!-- windows_tabs.HandleWindows -->
