<?xml version="1.0" encoding="UTF-8"?>
<!-- Generated by org.testng.reporters.JUnitReportReporter -->
<testsuite skipped="0" hostname="RustamWin10" name="windows_tabs.HandleWindow" tests="1" failures="0" timestamp="16 Apr 2018 23:09:14 GMT" time="12.247" errors="0">
  <testcase name="handleWindow" time="12.247" classname="windows_tabs.HandleWindow"/>
</testsuite> <!-- windows_tabs.HandleWindow -->
