<?xml version="1.0" encoding="UTF-8"?>
<!-- Generated by org.testng.reporters.JUnitReportReporter -->
<testsuite skipped="0" hostname="Rustams-MBP.fios-router.home" name="windows_tabs.HandleMultipleWindows" tests="1" failures="0" timestamp="02 May 2018 14:32:05 GMT" time="17.024" errors="0">
  <testcase name="handleWindow" time="17.024" classname="windows_tabs.HandleMultipleWindows"/>
</testsuite> <!-- windows_tabs.HandleMultipleWindows -->
